<?xml version="1.0" encoding="UTF-8"?>
<testsuite name="com.example.whatwillyoube.whatwillyoube_backend.WhatWillYouBeBackendApplicationTests" tests="1" skipped="0" failures="0" errors="0" timestamp="2025-08-05T01:51:02.047Z" hostname="DESKTOP-NSTEK5N" time="0.192">
  <properties/>
  <testcase name="contextLoads()" classname="com.example.whatwillyoube.whatwillyoube_backend.WhatWillYouBeBackendApplicationTests" time="0.192"/>
  <system-out><![CDATA[10:50:58.632 [Test worker] INFO org.springframework.test.context.support.AnnotationConfigContextLoaderUtils -- Could not detect default configuration classes for test class [com.example.whatwillyoube.whatwillyoube_backend.WhatWillYouBeBackendApplicationTests]: WhatWillYouBeBackendApplicationTests does not declare any static, non-private, non-final, nested classes annotated with @Configuration.
10:50:58.698 [Test worker] INFO org.springframework.boot.test.context.SpringBootTestContextBootstrapper -- Found @SpringBootConfiguration com.example.whatwillyoube.whatwillyoube_backend.WhatWillYouBeBackendApplication for test class com.example.whatwillyoube.whatwillyoube_backend.WhatWillYouBeBackendApplicationTests

  .   ____          _            __ _ _
 /\\ / ___'_ __ _ _(_)_ __  __ _ \ \ \ \
( ( )\___ | '_ | '_| | '_ \/ _` | \ \ \ \
 \\/  ___)| |_)| | | | | || (_| |  ) ) ) )
  '  |____| .__|_| |_|_| |_\__, | / / / /
 =========|_|==============|___/=/_/_/_/

 :: Spring Boot ::                (v3.5.0)

2025-08-05T10:50:58.968+09:00  INFO 25284 --- [What Will You Be Backend] [    Test worker] w.w.WhatWillYouBeBackendApplicationTests : Starting WhatWillYouBeBackendApplicationTests using Java 17.0.15 with PID 25284 (started by User in C:\Users\User\CapStone\what-will-you-be\backend)
2025-08-05T10:50:58.969+09:00  INFO 25284 --- [What Will You Be Backend] [    Test worker] w.w.WhatWillYouBeBackendApplicationTests : No active profile set, falling back to 1 default profile: "default"
2025-08-05T10:50:59.401+09:00  INFO 25284 --- [What Will You Be Backend] [    Test worker] .s.d.r.c.RepositoryConfigurationDelegate : Bootstrapping Spring Data JPA repositories in DEFAULT mode.
2025-08-05T10:50:59.450+09:00  INFO 25284 --- [What Will You Be Backend] [    Test worker] .s.d.r.c.RepositoryConfigurationDelegate : Finished Spring Data repository scanning in 41 ms. Found 2 JPA repository interfaces.
2025-08-05T10:50:59.830+09:00  INFO 25284 --- [What Will You Be Backend] [    Test worker] o.hibernate.jpa.internal.util.LogHelper  : HHH000204: Processing PersistenceUnitInfo [name: default]
2025-08-05T10:50:59.861+09:00  INFO 25284 --- [What Will You Be Backend] [    Test worker] org.hibernate.Version                    : HHH000412: Hibernate ORM core version 6.6.15.Final
2025-08-05T10:50:59.880+09:00  INFO 25284 --- [What Will You Be Backend] [    Test worker] o.h.c.internal.RegionFactoryInitiator    : HHH000026: Second-level cache disabled
2025-08-05T10:51:00.072+09:00  INFO 25284 --- [What Will You Be Backend] [    Test worker] o.s.o.j.p.SpringPersistenceUnitInfo      : No LoadTimeWeaver setup: ignoring JPA class transformer
2025-08-05T10:51:00.088+09:00  INFO 25284 --- [What Will You Be Backend] [    Test worker] com.zaxxer.hikari.HikariDataSource       : HikariPool-1 - Starting...
2025-08-05T10:51:00.174+09:00  INFO 25284 --- [What Will You Be Backend] [    Test worker] com.zaxxer.hikari.pool.HikariPool        : HikariPool-1 - Added connection com.mysql.cj.jdbc.ConnectionImpl@24d7657b
2025-08-05T10:51:00.176+09:00  INFO 25284 --- [What Will You Be Backend] [    Test worker] com.zaxxer.hikari.HikariDataSource       : HikariPool-1 - Start completed.
2025-08-05T10:51:00.207+09:00  WARN 25284 --- [What Will You Be Backend] [    Test worker] org.hibernate.orm.deprecation            : HHH90000025: MySQL8Dialect does not need to be specified explicitly using 'hibernate.dialect' (remove the property setting and it will be selected by default)
2025-08-05T10:51:00.207+09:00  WARN 25284 --- [What Will You Be Backend] [    Test worker] org.hibernate.orm.deprecation            : HHH90000026: MySQL8Dialect has been deprecated; use org.hibernate.dialect.MySQLDialect instead
2025-08-05T10:51:00.218+09:00  INFO 25284 --- [What Will You Be Backend] [    Test worker] org.hibernate.orm.connections.pooling    : HHH10001005: Database info:
	Database JDBC URL [Connecting through datasource 'HikariDataSource (HikariPool-1)']
	Database driver: undefined/unknown
	Database version: 8.0
	Autocommit mode: undefined/unknown
	Isolation level: undefined/unknown
	Minimum pool size: undefined/unknown
	Maximum pool size: undefined/unknown
2025-08-05T10:51:00.712+09:00  INFO 25284 --- [What Will You Be Backend] [    Test worker] o.h.e.t.j.p.i.JtaPlatformInitiator       : HHH000489: No JTA platform available (set 'hibernate.transaction.jta.platform' to enable JTA platform integration)
Hibernate: 
    alter table friend 
       drop 
       foreign key FKhq6gwmipery3a14hqey7dtmdd
Hibernate: 
    alter table friend 
       drop 
       foreign key FKk6foobbar7fd8jqww9hu61ft0
Hibernate: 
    alter table group_members 
       drop 
       foreign key FK9alwqyypfo3csdpf0k4hqi3uv
Hibernate: 
    alter table group_members 
       drop 
       foreign key FK9vqxt7ei7oqi6tahh5im6hl0x
Hibernate: 
    alter table group_mission 
       drop 
       foreign key FK9qvs8nyg0o7tixac3kk5qe571
Hibernate: 
    alter table group_mission 
       drop 
       foreign key FK93dhro4xhho5yxub7dab405fq
Hibernate: 
    alter table individual_mission 
       drop 
       foreign key FKtcxa4fb9ghgjis5xxi078p4jt
Hibernate: 
    alter table individual_mission 
       drop 
       foreign key FKj4uh5iqvy2rbsb3e350509h5c
Hibernate: 
    alter table job_recommendations 
       drop 
       foreign key FKbkr332n3ss002gly1qvu90c7o
Hibernate: 
    alter table mission_progress 
       drop 
       foreign key FKcapnp9d4i9lgiya9ei7u7xa89
Hibernate: 
    alter table missions 
       drop 
       foreign key FK4vuspxnwfg6joshnumnjrtp46
Hibernate: 
    alter table recommendation_info 
       drop 
       foreign key FK6x6apdiy3t99j0jpie7ywx9mr
Hibernate: 
    alter table user_groups 
       drop 
       foreign key FKgv170o0ji2h9yfp389rjf4xto
Hibernate: 
    drop table if exists friend
Hibernate: 
    drop table if exists group_members
Hibernate: 
    drop table if exists group_mission
Hibernate: 
    drop table if exists individual_mission
Hibernate: 
    drop table if exists job_recommendations
Hibernate: 
    drop table if exists members
Hibernate: 
    drop table if exists mission_progress
Hibernate: 
    drop table if exists missions
Hibernate: 
    drop table if exists recommendation_info
Hibernate: 
    drop table if exists user_groups
Hibernate: 
    create table friend (
        create_date datetime(6) not null,
        from_member_id bigint not null,
        invited_date datetime(6),
        responded_date datetime(6),
        to_member_id bigint not null,
        invitation_status enum ('ACCEPTED','PENDING','REJECTED') not null,
        primary key (from_member_id, to_member_id)
    ) engine=InnoDB
Hibernate: 
    create table group_members (
        id bigint not null auto_increment,
        invited_date datetime(6) not null,
        member_id bigint,
        responded_date datetime(6),
        user_groups_id bigint,
        invitation_status enum ('ACCEPTED','PENDING','REJECTED') not null,
        primary key (id)
    ) engine=InnoDB
Hibernate: 
    create table group_mission (
        id bigint not null,
        user_groups_id bigint,
        primary key (id)
    ) engine=InnoDB
Hibernate: 
    create table individual_mission (
        id bigint not null,
        member_id bigint,
        primary key (id)
    ) engine=InnoDB
Hibernate: 
    create table job_recommendations (
        created_date datetime(6) not null,
        id bigint not null auto_increment,
        member_id bigint,
        certificate varchar(255) not null,
        job_environment varchar(255) not null,
        job_name varchar(255) not null,
        job_prospect varchar(255) not null,
        job_sum varchar(255) not null,
        job_values varchar(255) not null,
        knowledge varchar(255) not null,
        major varchar(255) not null,
        pay varchar(255) not null,
        reason varchar(255) not null,
        way varchar(255) not null,
        primary key (id)
    ) engine=InnoDB
Hibernate: 
    create table members (
        birth date not null,
        created_date datetime(6),
        id bigint not null auto_increment,
        last_modified_date datetime(6),
        email varchar(255) not null,
        login_id varchar(255) not null,
        name varchar(255) not null,
        password varchar(255) not null,
        phone varchar(255) not null,
        school varchar(255) not null,
        gender enum ('FEMALE','MALE'),
        primary key (id)
    ) engine=InnoDB
Hibernate: 
    create table mission_progress (
        completed_date datetime(6) not null,
        missions_id bigint not null,
        started_date datetime(6) not null,
        mission_state enum ('COMPLETED','IN_PROGRESS') not null,
        primary key (missions_id)
    ) engine=InnoDB
Hibernate: 
    create table missions (
        id bigint not null auto_increment,
        job_recommendations_id bigint,
        dtype varchar(31) not null,
        description varchar(255) not null,
        title varchar(255) not null,
        primary key (id)
    ) engine=InnoDB
Hibernate: 
    create table recommendation_info (
        created_date datetime(6),
        last_modified_date datetime(6),
        member_id bigint not null,
        dream varchar(255),
        dream_reason varchar(255),
        favorite_subject varchar(255),
        hobby varchar(255),
        interest varchar(255),
        holland enum ('ARTISTIC','CONVENTIONAL','ENTERPRISING','INVESTIGATIVE','REALISTIC','SOCIAL'),
        job_value enum ('ACHIEVEMENT','AUTONOMY','BELONGING','CHALLENGE','COMPENSATION','CONTRIBUTION','FUN','INFLUENCE','RECOGNITION','SELF_DEVELOPMENT','STABILITY','WORK_LIFE_BALANCE'),
        mbti enum ('ENFJ','ENFP','ENTJ','ENTP','ESFJ','ESFP','ESTJ','ESTP','INFJ','INFP','INTJ','INTP','ISFJ','ISFP','ISTJ','ISTP'),
        primary key (member_id)
    ) engine=InnoDB
Hibernate: 
    create table user_groups (
        created_date datetime(6) not null,
        id bigint not null auto_increment,
        manager_member_id bigint,
        group_name varchar(255) not null,
        primary key (id)
    ) engine=InnoDB
Hibernate: 
    alter table group_members 
       add constraint UKdoiukai7dkgo55x9gf0jv1m2q unique (user_groups_id, member_id)
Hibernate: 
    alter table members 
       add constraint UK9d30a9u1qpg8eou0otgkwrp5d unique (email)
Hibernate: 
    alter table members 
       add constraint UKlq5wej6688i1bd6b5c11neptj unique (login_id)
Hibernate: 
    alter table friend 
       add constraint FKhq6gwmipery3a14hqey7dtmdd 
       foreign key (from_member_id) 
       references members (id)
Hibernate: 
    alter table friend 
       add constraint FKk6foobbar7fd8jqww9hu61ft0 
       foreign key (to_member_id) 
       references members (id)
Hibernate: 
    alter table group_members 
       add constraint FK9alwqyypfo3csdpf0k4hqi3uv 
       foreign key (user_groups_id) 
       references user_groups (id)
Hibernate: 
    alter table group_members 
       add constraint FK9vqxt7ei7oqi6tahh5im6hl0x 
       foreign key (member_id) 
       references members (id)
Hibernate: 
    alter table group_mission 
       add constraint FK9qvs8nyg0o7tixac3kk5qe571 
       foreign key (user_groups_id) 
       references user_groups (id)
Hibernate: 
    alter table group_mission 
       add constraint FK93dhro4xhho5yxub7dab405fq 
       foreign key (id) 
       references missions (id)
Hibernate: 
    alter table individual_mission 
       add constraint FKtcxa4fb9ghgjis5xxi078p4jt 
       foreign key (member_id) 
       references members (id)
Hibernate: 
    alter table individual_mission 
       add constraint FKj4uh5iqvy2rbsb3e350509h5c 
       foreign key (id) 
       references missions (id)
Hibernate: 
    alter table job_recommendations 
       add constraint FKbkr332n3ss002gly1qvu90c7o 
       foreign key (member_id) 
       references members (id)
Hibernate: 
    alter table mission_progress 
       add constraint FKcapnp9d4i9lgiya9ei7u7xa89 
       foreign key (missions_id) 
       references missions (id)
Hibernate: 
    alter table missions 
       add constraint FK4vuspxnwfg6joshnumnjrtp46 
       foreign key (job_recommendations_id) 
       references job_recommendations (id)
Hibernate: 
    alter table recommendation_info 
       add constraint FK6x6apdiy3t99j0jpie7ywx9mr 
       foreign key (member_id) 
       references members (id)
Hibernate: 
    alter table user_groups 
       add constraint FKgv170o0ji2h9yfp389rjf4xto 
       foreign key (manager_member_id) 
       references members (id)
2025-08-05T10:51:01.339+09:00  INFO 25284 --- [What Will You Be Backend] [    Test worker] j.LocalContainerEntityManagerFactoryBean : Initialized JPA EntityManagerFactory for persistence unit 'default'
2025-08-05T10:51:01.547+09:00  WARN 25284 --- [What Will You Be Backend] [    Test worker] JpaBaseConfiguration$JpaWebConfiguration : spring.jpa.open-in-view is enabled by default. Therefore, database queries may be performed during view rendering. Explicitly configure spring.jpa.open-in-view to disable this warning
2025-08-05T10:51:01.571+09:00  WARN 25284 --- [What Will You Be Backend] [    Test worker] .s.s.UserDetailsServiceAutoConfiguration : 

Using generated security password: f142046a-f6db-47a0-932d-bedb1fb0c98f

This generated password is for development use only. Your security configuration must be updated before running your application in production.

2025-08-05T10:51:01.576+09:00  INFO 25284 --- [What Will You Be Backend] [    Test worker] r$InitializeUserDetailsManagerConfigurer : Global AuthenticationManager configured with UserDetailsService bean with name inMemoryUserDetailsManager
2025-08-05T10:51:02.034+09:00  INFO 25284 --- [What Will You Be Backend] [    Test worker] w.w.WhatWillYouBeBackendApplicationTests : Started WhatWillYouBeBackendApplicationTests in 3.252 seconds (process running for 3.871)
]]></system-out>
  <system-err><![CDATA[]]></system-err>
</testsuite>
